{
  "stats": {
    "suites": 1,
    "tests": 1,
    "passes": 0,
    "pending": 1,
    "failures": 0,
    "start": "2023-11-17T21:48:20.789Z",
    "end": "2023-11-17T21:49:22.876Z",
    "duration": 62087,
    "testsRegistered": 4,
    "passPercent": 0,
    "pendingPercent": 25,
    "other": 1,
    "hasOther": true,
    "skipped": 2,
    "hasSkipped": true
  },
  "results": [
    {
      "uuid": "c1d270a4-8a85-45ab-9cd7-8960cb667f35",
      "title": "",
      "fullFile": "cypress\\e2e\\spec.cy.js",
      "file": "cypress\\e2e\\spec.cy.js",
      "beforeHooks": [],
      "afterHooks": [],
      "tests": [],
      "suites": [
        {
          "uuid": "4e95ce00-d46f-417a-af7d-85eba7a16cae",
          "title": "teste kigi",
          "fullFile": "",
          "file": "",
          "beforeHooks": [],
          "afterHooks": [],
          "tests": [
            {
              "title": "produto",
              "fullTitle": "teste kigi produto",
              "timedOut": null,
              "duration": 0,
              "state": "pending",
              "speed": null,
              "pass": false,
              "fail": false,
              "pending": true,
              "context": null,
              "code": "cy.wait(13000);\ncy.get(':nth-child(1) > mb-sm-subcategory.ng-scope > [sm-sub-category=\"\"] > .mg-smsc-container > :nth-child(1) > .ng-scope.ng-isolate-scope > .ng-isolate-scope > a.mb > .mb > .mb-smb-text').click({\n  force: true\n});\ncy.wait(8000);\ncy.get(':nth-child(3) > :nth-child(8) > .flex > .ng-isolate-scope > .mbg-dropdown-wrapper > .dropdown > .title-option > svg').click({\n  force: true\n});\ncy.get(':nth-child(3) > :nth-child(8) > .flex > .ng-isolate-scope > .mbg-dropdown-wrapper > .dropdown > .dropdown-menu > :nth-child(2) > a').click({\n  force: true\n});\ncy.get('[style=\"background: rgb(245, 245, 245);\"] > :nth-child(5) > .stock-info').invoke('text').then($vlr => {\n  Cypress.env('QtdEstoque', $vlr.charAt(1));\n  cy.log(Cypress.env('QtdEstoque'));\n});",
              "err": {},
              "uuid": "4df7772b-7262-4158-82f6-9cfabaa4ac4b",
              "parentUUID": "4e95ce00-d46f-417a-af7d-85eba7a16cae",
              "isHook": false,
              "skipped": false
            },
            {
              "title": "produto entrada",
              "fullTitle": "teste kigi produto entrada",
              "timedOut": null,
              "duration": 60252,
              "state": "failed",
              "speed": null,
              "pass": false,
              "fail": true,
              "pending": false,
              "context": null,
              "code": "cy.wait(13000);\ncy.get(':nth-child(6) > mb-sm-subcategory.ng-scope > [sm-sub-category=\"\"] > .mg-smsc-container > :nth-child(1) > .ng-scope.ng-isolate-scope > .ng-isolate-scope > a.mb > .mb > .mb-smb-text').click({\n  force: true\n});\ncy.wait(8000);\ncy.get('.place').type('a');\ncy.contains('span', 'A.m.c. Textil Ltda.').click({\n  force: true\n});\ncy.wait(3000);\ncy.get('.mbg-btn-form-wrapper > button').click({\n  force: true\n});\ncy.wait(5000);\ncy.contains('button', ' Continuar > ').click({\n  force: true\n});\ncy.wait(4000);\ncy.get('.search-text').type('4921792{enter}');\ncy.get('.btn-update-list').click({\n  force: true\n});\ncy.get('.mbg-btn-form-wrapper > button').click({\n  force: true\n});\ncy.get('.cancel-link').click({\n  force: true\n});\ncy.get('.mbg-close-modal > .fas').click({\n  force: true\n});\ncy.wait(4000);",
              "err": {
                "message": "CypressError: Timed out after waiting `60000ms` for your remote page to load.\n\nYour page did not fire its `load` event within `60000ms`.\n\nYou can try increasing the `pageLoadTimeout` value in `cypress.config.js` to wait longer.\n\nBrowsers will not fire the `load` event until all stylesheets and scripts are done downloading.\n\nWhen this `load` event occurs, Cypress will continue running commands.\n\nBecause this error occurred during a `before each` hook we are skipping the remaining tests in the current suite: `teste kigi`",
                "estack": "CypressError: Timed out after waiting `60000ms` for your remote page to load.\n\nYour page did not fire its `load` event within `60000ms`.\n\nYou can try increasing the `pageLoadTimeout` value in `cypress.config.js` to wait longer.\n\nBrowsers will not fire the `load` event until all stylesheets and scripts are done downloading.\n\nWhen this `load` event occurs, Cypress will continue running commands.\n\nBecause this error occurred during a `before each` hook we are skipping the remaining tests in the current suite: `teste kigi`\n    at timedOutWaitingForPageLoad (https://app.kigi.com.br/__cypress/runner/cypress_runner.js:130344:64)\n    at <unknown> (https://app.kigi.com.br/__cypress/runner/cypress_runner.js:131332:16)\n    at tryCatcher (https://app.kigi.com.br/__cypress/runner/cypress_runner.js:1807:23)\n    at <unknown> (https://app.kigi.com.br/__cypress/runner/cypress_runner.js:4186:41)\n    at tryCatcher (https://app.kigi.com.br/__cypress/runner/cypress_runner.js:1807:23)\n    at Promise._settlePromiseFromHandler (https://app.kigi.com.br/__cypress/runner/cypress_runner.js:1519:31)\n    at Promise._settlePromise (https://app.kigi.com.br/__cypress/runner/cypress_runner.js:1576:18)\n    at Promise._settlePromise0 (https://app.kigi.com.br/__cypress/runner/cypress_runner.js:1621:10)\n    at Promise._settlePromises (https://app.kigi.com.br/__cypress/runner/cypress_runner.js:1697:18)\n    at _drainQueueStep (https://app.kigi.com.br/__cypress/runner/cypress_runner.js:2407:12)\n    at _drainQueue (https://app.kigi.com.br/__cypress/runner/cypress_runner.js:2400:9)\n    at Async._drainQueues (https://app.kigi.com.br/__cypress/runner/cypress_runner.js:2416:5)\n    at Async.drainQueues (https://app.kigi.com.br/__cypress/runner/cypress_runner.js:2286:14)\nFrom Your Spec Code:\n    at Context.eval (webpack:///./cypress/e2e/spec.cy.js:8:8)",
                "diff": null
              },
              "uuid": "945d930c-5626-4ece-9b01-bf7c63aedf62",
              "parentUUID": "4e95ce00-d46f-417a-af7d-85eba7a16cae",
              "isHook": false,
              "skipped": false
            },
            {
              "title": "produtovalidar estoque",
              "fullTitle": "teste kigi produtovalidar estoque",
              "timedOut": null,
              "duration": 0,
              "state": "skipped",
              "speed": null,
              "pass": false,
              "fail": false,
              "pending": false,
              "context": null,
              "code": "cy.wait(13000);\ncy.get(':nth-child(1) > mb-sm-subcategory.ng-scope > [sm-sub-category=\"\"] > .mg-smsc-container > :nth-child(1) > .ng-scope.ng-isolate-scope > .ng-isolate-scope > a.mb > .mb > .mb-smb-text').click({\n  force: true\n});\ncy.wait(8000);\ncy.get(':nth-child(3) > :nth-child(8) > .flex > .ng-isolate-scope > .mbg-dropdown-wrapper > .dropdown > .title-option > svg').click({\n  force: true\n});\ncy.get(':nth-child(3) > :nth-child(8) > .flex > .ng-isolate-scope > .mbg-dropdown-wrapper > .dropdown > .dropdown-menu > :nth-child(2) > a').click({\n  force: true\n});\ncy.get('[style=\"background: rgb(245, 245, 245);\"] > :nth-child(5) > .stock-info').invoke('text').then($vlr => {\n  expect(Number($vlr.charAt(1))).to.eq(Number(Cypress.env('QtdEstoque')) + 1);\n});",
              "err": {},
              "uuid": "c522e1c2-3158-4341-b5e2-17002e73f1fc",
              "parentUUID": "4e95ce00-d46f-417a-af7d-85eba7a16cae",
              "isHook": false,
              "skipped": true
            },
            {
              "title": "cliente",
              "fullTitle": "teste kigi cliente",
              "timedOut": null,
              "duration": 0,
              "state": "skipped",
              "speed": null,
              "pass": false,
              "fail": false,
              "pending": false,
              "context": null,
              "code": "cy.wait(13000);\ncy.get(':nth-child(1) > mb-sm-subcategory.ng-scope > [sm-sub-category=\"\"] > .mg-smsc-container > :nth-child(2) > .ng-scope.ng-isolate-scope > .ng-isolate-scope > a.mb > .mb > .mb-smb-text').click({\n  force: true\n});\ncy.get('.btn-create').click({\n  force: true\n});\ncy.get('.name > .mbg-input-wrapper > .ng-pristine').type('Teste cliente');\ncy.get('.mbg-btn-form-wrapper > button').click({\n  force: true\n});\ncy.contains('button', 'Sim').click({\n  force: true\n});\ncy.intercept('https://api.kigisistemas.com.br/mobiage-api/api/individual').as('valor');\ncy.wait('@valor').its('response.statusCode').should('eq', 200);",
              "err": {},
              "uuid": "13e04962-0361-4fe6-9cb8-b33cd9097bc6",
              "parentUUID": "4e95ce00-d46f-417a-af7d-85eba7a16cae",
              "isHook": false,
              "skipped": true
            }
          ],
          "suites": [],
          "passes": [],
          "failures": [
            "945d930c-5626-4ece-9b01-bf7c63aedf62"
          ],
          "pending": [
            "4df7772b-7262-4158-82f6-9cfabaa4ac4b"
          ],
          "skipped": [
            "c522e1c2-3158-4341-b5e2-17002e73f1fc",
            "13e04962-0361-4fe6-9cb8-b33cd9097bc6"
          ],
          "duration": 60252,
          "root": false,
          "rootEmpty": false,
          "_timeout": 2000
        }
      ],
      "passes": [],
      "failures": [],
      "pending": [],
      "skipped": [],
      "duration": 0,
      "root": true,
      "rootEmpty": true,
      "_timeout": 2000
    }
  ],
  "meta": {
    "mocha": {
      "version": "7.0.1"
    },
    "mochawesome": {
      "options": {
        "quiet": false,
        "reportFilename": "mochawesome",
        "saveHtml": true,
        "saveJson": true,
        "consoleReporter": "spec",
        "useInlineDiffs": false,
        "code": true
      },
      "version": "7.1.3"
    },
    "marge": {
      "options": null,
      "version": "6.2.0"
    }
  }
}